ARM GAS  /tmp/ccQ6jF5U.s 			page 1


   1              		.syntax unified
   2              		.cpu cortex-m3
   3              		.fpu softvfp
   4              		.eabi_attribute 20, 1
   5              		.eabi_attribute 21, 1
   6              		.eabi_attribute 23, 3
   7              		.eabi_attribute 24, 1
   8              		.eabi_attribute 25, 1
   9              		.eabi_attribute 26, 1
  10              		.eabi_attribute 30, 1
  11              		.eabi_attribute 34, 1
  12              		.eabi_attribute 18, 4
  13              		.thumb
  14              		.file	"stm32f1xx_it.c"
  15              		.text
  16              	.Ltext0:
  17              		.cfi_sections	.debug_frame
  18              		.section	.text.NMI_Handler,"ax",%progbits
  19              		.align	2
  20              		.global	NMI_Handler
  21              		.thumb
  22              		.thumb_func
  24              	NMI_Handler:
  25              	.LFB68:
  26              		.file 1 "Src/stm32f1xx_it.c"
   1:Src/stm32f1xx_it.c **** /**
   2:Src/stm32f1xx_it.c ****   ******************************************************************************
   3:Src/stm32f1xx_it.c ****   * @file    stm32f1xx_it.c
   4:Src/stm32f1xx_it.c ****   * @brief   Interrupt Service Routines.
   5:Src/stm32f1xx_it.c ****   ******************************************************************************
   6:Src/stm32f1xx_it.c ****   *
   7:Src/stm32f1xx_it.c ****   * COPYRIGHT(c) 2018 STMicroelectronics
   8:Src/stm32f1xx_it.c ****   *
   9:Src/stm32f1xx_it.c ****   * Redistribution and use in source and binary forms, with or without modification,
  10:Src/stm32f1xx_it.c ****   * are permitted provided that the following conditions are met:
  11:Src/stm32f1xx_it.c ****   *   1. Redistributions of source code must retain the above copyright notice,
  12:Src/stm32f1xx_it.c ****   *      this list of conditions and the following disclaimer.
  13:Src/stm32f1xx_it.c ****   *   2. Redistributions in binary form must reproduce the above copyright notice,
  14:Src/stm32f1xx_it.c ****   *      this list of conditions and the following disclaimer in the documentation
  15:Src/stm32f1xx_it.c ****   *      and/or other materials provided with the distribution.
  16:Src/stm32f1xx_it.c ****   *   3. Neither the name of STMicroelectronics nor the names of its contributors
  17:Src/stm32f1xx_it.c ****   *      may be used to endorse or promote products derived from this software
  18:Src/stm32f1xx_it.c ****   *      without specific prior written permission.
  19:Src/stm32f1xx_it.c ****   *
  20:Src/stm32f1xx_it.c ****   * THIS SOFTWARE IS PROVIDED BY THE COPYRIGHT HOLDERS AND CONTRIBUTORS "AS IS"
  21:Src/stm32f1xx_it.c ****   * AND ANY EXPRESS OR IMPLIED WARRANTIES, INCLUDING, BUT NOT LIMITED TO, THE
  22:Src/stm32f1xx_it.c ****   * IMPLIED WARRANTIES OF MERCHANTABILITY AND FITNESS FOR A PARTICULAR PURPOSE ARE
  23:Src/stm32f1xx_it.c ****   * DISCLAIMED. IN NO EVENT SHALL THE COPYRIGHT HOLDER OR CONTRIBUTORS BE LIABLE
  24:Src/stm32f1xx_it.c ****   * FOR ANY DIRECT, INDIRECT, INCIDENTAL, SPECIAL, EXEMPLARY, OR CONSEQUENTIAL
  25:Src/stm32f1xx_it.c ****   * DAMAGES (INCLUDING, BUT NOT LIMITED TO, PROCUREMENT OF SUBSTITUTE GOODS OR
  26:Src/stm32f1xx_it.c ****   * SERVICES; LOSS OF USE, DATA, OR PROFITS; OR BUSINESS INTERRUPTION) HOWEVER
  27:Src/stm32f1xx_it.c ****   * CAUSED AND ON ANY THEORY OF LIABILITY, WHETHER IN CONTRACT, STRICT LIABILITY,
  28:Src/stm32f1xx_it.c ****   * OR TORT (INCLUDING NEGLIGENCE OR OTHERWISE) ARISING IN ANY WAY OUT OF THE USE
  29:Src/stm32f1xx_it.c ****   * OF THIS SOFTWARE, EVEN IF ADVISED OF THE POSSIBILITY OF SUCH DAMAGE.
  30:Src/stm32f1xx_it.c ****   *
  31:Src/stm32f1xx_it.c ****   ******************************************************************************
  32:Src/stm32f1xx_it.c ****   */
ARM GAS  /tmp/ccQ6jF5U.s 			page 2


  33:Src/stm32f1xx_it.c **** /* Includes ------------------------------------------------------------------*/
  34:Src/stm32f1xx_it.c **** #include "stm32f1xx_hal.h"
  35:Src/stm32f1xx_it.c **** #include "stm32f1xx.h"
  36:Src/stm32f1xx_it.c **** #include "stm32f1xx_it.h"
  37:Src/stm32f1xx_it.c **** #include "cmsis_os.h"
  38:Src/stm32f1xx_it.c **** 
  39:Src/stm32f1xx_it.c **** /* USER CODE BEGIN 0 */
  40:Src/stm32f1xx_it.c **** 
  41:Src/stm32f1xx_it.c **** /* USER CODE END 0 */
  42:Src/stm32f1xx_it.c **** 
  43:Src/stm32f1xx_it.c **** /* External variables --------------------------------------------------------*/
  44:Src/stm32f1xx_it.c **** extern UART_HandleTypeDef huart1;
  45:Src/stm32f1xx_it.c **** 
  46:Src/stm32f1xx_it.c **** extern TIM_HandleTypeDef htim4;
  47:Src/stm32f1xx_it.c **** 
  48:Src/stm32f1xx_it.c **** /******************************************************************************/
  49:Src/stm32f1xx_it.c **** /*            Cortex-M3 Processor Interruption and Exception Handlers         */ 
  50:Src/stm32f1xx_it.c **** /******************************************************************************/
  51:Src/stm32f1xx_it.c **** 
  52:Src/stm32f1xx_it.c **** /**
  53:Src/stm32f1xx_it.c **** * @brief This function handles Non maskable interrupt.
  54:Src/stm32f1xx_it.c **** */
  55:Src/stm32f1xx_it.c **** void NMI_Handler(void)
  56:Src/stm32f1xx_it.c **** {
  27              		.loc 1 56 0
  28              		.cfi_startproc
  29              		@ args = 0, pretend = 0, frame = 0
  30              		@ frame_needed = 0, uses_anonymous_args = 0
  31              		@ link register save eliminated.
  32 0000 7047     		bx	lr
  33              		.cfi_endproc
  34              	.LFE68:
  36 0002 00BF     		.section	.text.HardFault_Handler,"ax",%progbits
  37              		.align	2
  38              		.global	HardFault_Handler
  39              		.thumb
  40              		.thumb_func
  42              	HardFault_Handler:
  43              	.LFB69:
  57:Src/stm32f1xx_it.c ****   /* USER CODE BEGIN NonMaskableInt_IRQn 0 */
  58:Src/stm32f1xx_it.c **** 
  59:Src/stm32f1xx_it.c ****   /* USER CODE END NonMaskableInt_IRQn 0 */
  60:Src/stm32f1xx_it.c ****   /* USER CODE BEGIN NonMaskableInt_IRQn 1 */
  61:Src/stm32f1xx_it.c **** 
  62:Src/stm32f1xx_it.c ****   /* USER CODE END NonMaskableInt_IRQn 1 */
  63:Src/stm32f1xx_it.c **** }
  64:Src/stm32f1xx_it.c **** 
  65:Src/stm32f1xx_it.c **** /**
  66:Src/stm32f1xx_it.c **** * @brief This function handles Hard fault interrupt.
  67:Src/stm32f1xx_it.c **** */
  68:Src/stm32f1xx_it.c **** void HardFault_Handler(void)
  69:Src/stm32f1xx_it.c **** {
  44              		.loc 1 69 0
  45              		.cfi_startproc
  46              		@ Volatile: function does not return.
  47              		@ args = 0, pretend = 0, frame = 0
  48              		@ frame_needed = 0, uses_anonymous_args = 0
ARM GAS  /tmp/ccQ6jF5U.s 			page 3


  49              		@ link register save eliminated.
  50              	.L3:
  70:Src/stm32f1xx_it.c ****   /* USER CODE BEGIN HardFault_IRQn 0 */
  71:Src/stm32f1xx_it.c **** 
  72:Src/stm32f1xx_it.c ****   /* USER CODE END HardFault_IRQn 0 */
  73:Src/stm32f1xx_it.c ****   while (1)
  74:Src/stm32f1xx_it.c ****   {
  75:Src/stm32f1xx_it.c ****     /* USER CODE BEGIN W1_HardFault_IRQn 0 */
  76:Src/stm32f1xx_it.c ****     /* USER CODE END W1_HardFault_IRQn 0 */
  77:Src/stm32f1xx_it.c ****   }
  51              		.loc 1 77 0 discriminator 1
  52 0000 FEE7     		b	.L3
  53              		.cfi_endproc
  54              	.LFE69:
  56 0002 00BF     		.section	.text.MemManage_Handler,"ax",%progbits
  57              		.align	2
  58              		.global	MemManage_Handler
  59              		.thumb
  60              		.thumb_func
  62              	MemManage_Handler:
  63              	.LFB70:
  78:Src/stm32f1xx_it.c ****   /* USER CODE BEGIN HardFault_IRQn 1 */
  79:Src/stm32f1xx_it.c **** 
  80:Src/stm32f1xx_it.c ****   /* USER CODE END HardFault_IRQn 1 */
  81:Src/stm32f1xx_it.c **** }
  82:Src/stm32f1xx_it.c **** 
  83:Src/stm32f1xx_it.c **** /**
  84:Src/stm32f1xx_it.c **** * @brief This function handles Memory management fault.
  85:Src/stm32f1xx_it.c **** */
  86:Src/stm32f1xx_it.c **** void MemManage_Handler(void)
  87:Src/stm32f1xx_it.c **** {
  64              		.loc 1 87 0
  65              		.cfi_startproc
  66              		@ Volatile: function does not return.
  67              		@ args = 0, pretend = 0, frame = 0
  68              		@ frame_needed = 0, uses_anonymous_args = 0
  69              		@ link register save eliminated.
  70              	.L5:
  88:Src/stm32f1xx_it.c ****   /* USER CODE BEGIN MemoryManagement_IRQn 0 */
  89:Src/stm32f1xx_it.c **** 
  90:Src/stm32f1xx_it.c ****   /* USER CODE END MemoryManagement_IRQn 0 */
  91:Src/stm32f1xx_it.c ****   while (1)
  92:Src/stm32f1xx_it.c ****   {
  93:Src/stm32f1xx_it.c ****     /* USER CODE BEGIN W1_MemoryManagement_IRQn 0 */
  94:Src/stm32f1xx_it.c ****     /* USER CODE END W1_MemoryManagement_IRQn 0 */
  95:Src/stm32f1xx_it.c ****   }
  71              		.loc 1 95 0 discriminator 1
  72 0000 FEE7     		b	.L5
  73              		.cfi_endproc
  74              	.LFE70:
  76 0002 00BF     		.section	.text.BusFault_Handler,"ax",%progbits
  77              		.align	2
  78              		.global	BusFault_Handler
  79              		.thumb
  80              		.thumb_func
  82              	BusFault_Handler:
  83              	.LFB71:
ARM GAS  /tmp/ccQ6jF5U.s 			page 4


  96:Src/stm32f1xx_it.c ****   /* USER CODE BEGIN MemoryManagement_IRQn 1 */
  97:Src/stm32f1xx_it.c **** 
  98:Src/stm32f1xx_it.c ****   /* USER CODE END MemoryManagement_IRQn 1 */
  99:Src/stm32f1xx_it.c **** }
 100:Src/stm32f1xx_it.c **** 
 101:Src/stm32f1xx_it.c **** /**
 102:Src/stm32f1xx_it.c **** * @brief This function handles Prefetch fault, memory access fault.
 103:Src/stm32f1xx_it.c **** */
 104:Src/stm32f1xx_it.c **** void BusFault_Handler(void)
 105:Src/stm32f1xx_it.c **** {
  84              		.loc 1 105 0
  85              		.cfi_startproc
  86              		@ Volatile: function does not return.
  87              		@ args = 0, pretend = 0, frame = 0
  88              		@ frame_needed = 0, uses_anonymous_args = 0
  89              		@ link register save eliminated.
  90              	.L7:
 106:Src/stm32f1xx_it.c ****   /* USER CODE BEGIN BusFault_IRQn 0 */
 107:Src/stm32f1xx_it.c **** 
 108:Src/stm32f1xx_it.c ****   /* USER CODE END BusFault_IRQn 0 */
 109:Src/stm32f1xx_it.c ****   while (1)
 110:Src/stm32f1xx_it.c ****   {
 111:Src/stm32f1xx_it.c ****     /* USER CODE BEGIN W1_BusFault_IRQn 0 */
 112:Src/stm32f1xx_it.c ****     /* USER CODE END W1_BusFault_IRQn 0 */
 113:Src/stm32f1xx_it.c ****   }
  91              		.loc 1 113 0 discriminator 1
  92 0000 FEE7     		b	.L7
  93              		.cfi_endproc
  94              	.LFE71:
  96 0002 00BF     		.section	.text.UsageFault_Handler,"ax",%progbits
  97              		.align	2
  98              		.global	UsageFault_Handler
  99              		.thumb
 100              		.thumb_func
 102              	UsageFault_Handler:
 103              	.LFB72:
 114:Src/stm32f1xx_it.c ****   /* USER CODE BEGIN BusFault_IRQn 1 */
 115:Src/stm32f1xx_it.c **** 
 116:Src/stm32f1xx_it.c ****   /* USER CODE END BusFault_IRQn 1 */
 117:Src/stm32f1xx_it.c **** }
 118:Src/stm32f1xx_it.c **** 
 119:Src/stm32f1xx_it.c **** /**
 120:Src/stm32f1xx_it.c **** * @brief This function handles Undefined instruction or illegal state.
 121:Src/stm32f1xx_it.c **** */
 122:Src/stm32f1xx_it.c **** void UsageFault_Handler(void)
 123:Src/stm32f1xx_it.c **** {
 104              		.loc 1 123 0
 105              		.cfi_startproc
 106              		@ Volatile: function does not return.
 107              		@ args = 0, pretend = 0, frame = 0
 108              		@ frame_needed = 0, uses_anonymous_args = 0
 109              		@ link register save eliminated.
 110              	.L9:
 124:Src/stm32f1xx_it.c ****   /* USER CODE BEGIN UsageFault_IRQn 0 */
 125:Src/stm32f1xx_it.c **** 
 126:Src/stm32f1xx_it.c ****   /* USER CODE END UsageFault_IRQn 0 */
 127:Src/stm32f1xx_it.c ****   while (1)
ARM GAS  /tmp/ccQ6jF5U.s 			page 5


 128:Src/stm32f1xx_it.c ****   {
 129:Src/stm32f1xx_it.c ****     /* USER CODE BEGIN W1_UsageFault_IRQn 0 */
 130:Src/stm32f1xx_it.c ****     /* USER CODE END W1_UsageFault_IRQn 0 */
 131:Src/stm32f1xx_it.c ****   }
 111              		.loc 1 131 0 discriminator 1
 112 0000 FEE7     		b	.L9
 113              		.cfi_endproc
 114              	.LFE72:
 116 0002 00BF     		.section	.text.DebugMon_Handler,"ax",%progbits
 117              		.align	2
 118              		.global	DebugMon_Handler
 119              		.thumb
 120              		.thumb_func
 122              	DebugMon_Handler:
 123              	.LFB73:
 132:Src/stm32f1xx_it.c ****   /* USER CODE BEGIN UsageFault_IRQn 1 */
 133:Src/stm32f1xx_it.c **** 
 134:Src/stm32f1xx_it.c ****   /* USER CODE END UsageFault_IRQn 1 */
 135:Src/stm32f1xx_it.c **** }
 136:Src/stm32f1xx_it.c **** 
 137:Src/stm32f1xx_it.c **** /**
 138:Src/stm32f1xx_it.c **** * @brief This function handles Debug monitor.
 139:Src/stm32f1xx_it.c **** */
 140:Src/stm32f1xx_it.c **** void DebugMon_Handler(void)
 141:Src/stm32f1xx_it.c **** {
 124              		.loc 1 141 0
 125              		.cfi_startproc
 126              		@ args = 0, pretend = 0, frame = 0
 127              		@ frame_needed = 0, uses_anonymous_args = 0
 128              		@ link register save eliminated.
 129 0000 7047     		bx	lr
 130              		.cfi_endproc
 131              	.LFE73:
 133 0002 00BF     		.section	.text.SysTick_Handler,"ax",%progbits
 134              		.align	2
 135              		.global	SysTick_Handler
 136              		.thumb
 137              		.thumb_func
 139              	SysTick_Handler:
 140              	.LFB74:
 142:Src/stm32f1xx_it.c ****   /* USER CODE BEGIN DebugMonitor_IRQn 0 */
 143:Src/stm32f1xx_it.c **** 
 144:Src/stm32f1xx_it.c ****   /* USER CODE END DebugMonitor_IRQn 0 */
 145:Src/stm32f1xx_it.c ****   /* USER CODE BEGIN DebugMonitor_IRQn 1 */
 146:Src/stm32f1xx_it.c **** 
 147:Src/stm32f1xx_it.c ****   /* USER CODE END DebugMonitor_IRQn 1 */
 148:Src/stm32f1xx_it.c **** }
 149:Src/stm32f1xx_it.c **** 
 150:Src/stm32f1xx_it.c **** /**
 151:Src/stm32f1xx_it.c **** * @brief This function handles System tick timer.
 152:Src/stm32f1xx_it.c **** */
 153:Src/stm32f1xx_it.c **** void SysTick_Handler(void)
 154:Src/stm32f1xx_it.c **** {
 141              		.loc 1 154 0
 142              		.cfi_startproc
 143              		@ args = 0, pretend = 0, frame = 0
 144              		@ frame_needed = 0, uses_anonymous_args = 0
ARM GAS  /tmp/ccQ6jF5U.s 			page 6


 145              		.loc 1 154 0
 146 0000 08B5     		push	{r3, lr}
 147              	.LCFI0:
 148              		.cfi_def_cfa_offset 8
 149              		.cfi_offset 3, -8
 150              		.cfi_offset 14, -4
 155:Src/stm32f1xx_it.c ****   /* USER CODE BEGIN SysTick_IRQn 0 */
 156:Src/stm32f1xx_it.c **** 
 157:Src/stm32f1xx_it.c ****   /* USER CODE END SysTick_IRQn 0 */
 158:Src/stm32f1xx_it.c ****   osSystickHandler();
 151              		.loc 1 158 0
 152 0002 FFF7FEFF 		bl	osSystickHandler
 153              	.LVL0:
 154 0006 08BD     		pop	{r3, pc}
 155              		.cfi_endproc
 156              	.LFE74:
 158              		.section	.text.TIM4_IRQHandler,"ax",%progbits
 159              		.align	2
 160              		.global	TIM4_IRQHandler
 161              		.thumb
 162              		.thumb_func
 164              	TIM4_IRQHandler:
 165              	.LFB75:
 159:Src/stm32f1xx_it.c ****   /* USER CODE BEGIN SysTick_IRQn 1 */
 160:Src/stm32f1xx_it.c **** 
 161:Src/stm32f1xx_it.c ****   /* USER CODE END SysTick_IRQn 1 */
 162:Src/stm32f1xx_it.c **** }
 163:Src/stm32f1xx_it.c **** 
 164:Src/stm32f1xx_it.c **** /******************************************************************************/
 165:Src/stm32f1xx_it.c **** /* STM32F1xx Peripheral Interrupt Handlers                                    */
 166:Src/stm32f1xx_it.c **** /* Add here the Interrupt Handlers for the used peripherals.                  */
 167:Src/stm32f1xx_it.c **** /* For the available peripheral interrupt handler names,                      */
 168:Src/stm32f1xx_it.c **** /* please refer to the startup file (startup_stm32f1xx.s).                    */
 169:Src/stm32f1xx_it.c **** /******************************************************************************/
 170:Src/stm32f1xx_it.c **** 
 171:Src/stm32f1xx_it.c **** /**
 172:Src/stm32f1xx_it.c **** * @brief This function handles TIM4 global interrupt.
 173:Src/stm32f1xx_it.c **** */
 174:Src/stm32f1xx_it.c **** void TIM4_IRQHandler(void)
 175:Src/stm32f1xx_it.c **** {
 166              		.loc 1 175 0
 167              		.cfi_startproc
 168              		@ args = 0, pretend = 0, frame = 0
 169              		@ frame_needed = 0, uses_anonymous_args = 0
 170 0000 08B5     		push	{r3, lr}
 171              	.LCFI1:
 172              		.cfi_def_cfa_offset 8
 173              		.cfi_offset 3, -8
 174              		.cfi_offset 14, -4
 176:Src/stm32f1xx_it.c ****   /* USER CODE BEGIN TIM4_IRQn 0 */
 177:Src/stm32f1xx_it.c **** 
 178:Src/stm32f1xx_it.c ****   /* USER CODE END TIM4_IRQn 0 */
 179:Src/stm32f1xx_it.c ****   HAL_TIM_IRQHandler(&htim4);
 175              		.loc 1 179 0
 176 0002 0248     		ldr	r0, .L15
 177 0004 FFF7FEFF 		bl	HAL_TIM_IRQHandler
 178              	.LVL1:
ARM GAS  /tmp/ccQ6jF5U.s 			page 7


 179 0008 08BD     		pop	{r3, pc}
 180              	.L16:
 181 000a 00BF     		.align	2
 182              	.L15:
 183 000c 00000000 		.word	htim4
 184              		.cfi_endproc
 185              	.LFE75:
 187              		.section	.text.USART1_IRQHandler,"ax",%progbits
 188              		.align	2
 189              		.global	USART1_IRQHandler
 190              		.thumb
 191              		.thumb_func
 193              	USART1_IRQHandler:
 194              	.LFB76:
 180:Src/stm32f1xx_it.c ****   /* USER CODE BEGIN TIM4_IRQn 1 */
 181:Src/stm32f1xx_it.c **** 
 182:Src/stm32f1xx_it.c ****   /* USER CODE END TIM4_IRQn 1 */
 183:Src/stm32f1xx_it.c **** }
 184:Src/stm32f1xx_it.c **** 
 185:Src/stm32f1xx_it.c **** /**
 186:Src/stm32f1xx_it.c **** * @brief This function handles USART1 global interrupt.
 187:Src/stm32f1xx_it.c **** */
 188:Src/stm32f1xx_it.c **** void USART1_IRQHandler(void)
 189:Src/stm32f1xx_it.c **** {
 195              		.loc 1 189 0
 196              		.cfi_startproc
 197              		@ args = 0, pretend = 0, frame = 0
 198              		@ frame_needed = 0, uses_anonymous_args = 0
 199 0000 08B5     		push	{r3, lr}
 200              	.LCFI2:
 201              		.cfi_def_cfa_offset 8
 202              		.cfi_offset 3, -8
 203              		.cfi_offset 14, -4
 190:Src/stm32f1xx_it.c ****   /* USER CODE BEGIN USART1_IRQn 0 */
 191:Src/stm32f1xx_it.c **** 
 192:Src/stm32f1xx_it.c ****   /* USER CODE END USART1_IRQn 0 */
 193:Src/stm32f1xx_it.c ****   HAL_UART_IRQHandler(&huart1);
 204              		.loc 1 193 0
 205 0002 0248     		ldr	r0, .L19
 206 0004 FFF7FEFF 		bl	HAL_UART_IRQHandler
 207              	.LVL2:
 208 0008 08BD     		pop	{r3, pc}
 209              	.L20:
 210 000a 00BF     		.align	2
 211              	.L19:
 212 000c 00000000 		.word	huart1
 213              		.cfi_endproc
 214              	.LFE76:
 216              		.text
 217              	.Letext0:
 218              		.file 2 "/usr/include/newlib/machine/_default_types.h"
 219              		.file 3 "/usr/include/newlib/sys/_stdint.h"
 220              		.file 4 "Drivers/CMSIS/Device/ST/STM32F1xx/Include/stm32f103xb.h"
 221              		.file 5 "Drivers/STM32F1xx_HAL_Driver/Inc/stm32f1xx_hal_def.h"
 222              		.file 6 "Drivers/STM32F1xx_HAL_Driver/Inc/stm32f1xx_hal_dma.h"
 223              		.file 7 "Drivers/STM32F1xx_HAL_Driver/Inc/stm32f1xx_hal_tim.h"
 224              		.file 8 "Drivers/STM32F1xx_HAL_Driver/Inc/stm32f1xx_hal_uart.h"
ARM GAS  /tmp/ccQ6jF5U.s 			page 8


 225              		.file 9 "Drivers/CMSIS/Include/core_cm3.h"
 226              		.file 10 "Middlewares/Third_Party/FreeRTOS/Source/CMSIS_RTOS/cmsis_os.h"
ARM GAS  /tmp/ccQ6jF5U.s 			page 9


DEFINED SYMBOLS
                            *ABS*:0000000000000000 stm32f1xx_it.c
     /tmp/ccQ6jF5U.s:19     .text.NMI_Handler:0000000000000000 $t
     /tmp/ccQ6jF5U.s:24     .text.NMI_Handler:0000000000000000 NMI_Handler
     /tmp/ccQ6jF5U.s:37     .text.HardFault_Handler:0000000000000000 $t
     /tmp/ccQ6jF5U.s:42     .text.HardFault_Handler:0000000000000000 HardFault_Handler
     /tmp/ccQ6jF5U.s:57     .text.MemManage_Handler:0000000000000000 $t
     /tmp/ccQ6jF5U.s:62     .text.MemManage_Handler:0000000000000000 MemManage_Handler
     /tmp/ccQ6jF5U.s:77     .text.BusFault_Handler:0000000000000000 $t
     /tmp/ccQ6jF5U.s:82     .text.BusFault_Handler:0000000000000000 BusFault_Handler
     /tmp/ccQ6jF5U.s:97     .text.UsageFault_Handler:0000000000000000 $t
     /tmp/ccQ6jF5U.s:102    .text.UsageFault_Handler:0000000000000000 UsageFault_Handler
     /tmp/ccQ6jF5U.s:117    .text.DebugMon_Handler:0000000000000000 $t
     /tmp/ccQ6jF5U.s:122    .text.DebugMon_Handler:0000000000000000 DebugMon_Handler
     /tmp/ccQ6jF5U.s:134    .text.SysTick_Handler:0000000000000000 $t
     /tmp/ccQ6jF5U.s:139    .text.SysTick_Handler:0000000000000000 SysTick_Handler
     /tmp/ccQ6jF5U.s:159    .text.TIM4_IRQHandler:0000000000000000 $t
     /tmp/ccQ6jF5U.s:164    .text.TIM4_IRQHandler:0000000000000000 TIM4_IRQHandler
     /tmp/ccQ6jF5U.s:183    .text.TIM4_IRQHandler:000000000000000c $d
     /tmp/ccQ6jF5U.s:188    .text.USART1_IRQHandler:0000000000000000 $t
     /tmp/ccQ6jF5U.s:193    .text.USART1_IRQHandler:0000000000000000 USART1_IRQHandler
     /tmp/ccQ6jF5U.s:212    .text.USART1_IRQHandler:000000000000000c $d
                     .debug_frame:0000000000000010 $d

UNDEFINED SYMBOLS
osSystickHandler
HAL_TIM_IRQHandler
htim4
HAL_UART_IRQHandler
huart1
